app/build/intermediates/manifest_merge_blame_file/debug/manifest-merger-blame-debug-report.txt
1<?xml version="1.0" encoding="utf-8"?>
2<manifest xmlns:android="http://schemas.android.com/apk/res/android"
3    package="com.example.reelscounter"
4    android:versionCode="1"
5    android:versionName="1.0" >
6
7    <uses-sdk
8        android:minSdkVersion="26"
9        android:targetSdkVersion="34" />
10
11    <uses-permission android:name="android.permission.PACKAGE_USAGE_STATS" />
11-->src\main\AndroidManifest.xml:5:5-114
11-->src\main\AndroidManifest.xml:5:22-75
12
13    <!-- Include required permissions for Google Mobile Ads to run -->
14    <uses-permission android:name="android.permission.INTERNET" />
14-->[com.google.android.gms:play-services-ads-lite:23.6.0] AndroidManifest.xml:24:5-67
14-->[com.google.android.gms:play-services-ads-lite:23.6.0] AndroidManifest.xml:24:22-64
15    <uses-permission android:name="android.permission.ACCESS_NETWORK_STATE" />
15-->[com.google.android.gms:play-services-ads-lite:23.6.0] AndroidManifest.xml:25:5-79
15-->[com.google.android.gms:play-services-ads-lite:23.6.0] AndroidManifest.xml:25:22-76
16    <uses-permission android:name="com.google.android.gms.permission.AD_ID" />
16-->[com.google.android.gms:play-services-ads-lite:23.6.0] AndroidManifest.xml:26:5-79
16-->[com.google.android.gms:play-services-ads-lite:23.6.0] AndroidManifest.xml:26:22-76
17    <uses-permission android:name="android.permission.ACCESS_ADSERVICES_AD_ID" />
17-->[com.google.android.gms:play-services-ads-lite:23.6.0] AndroidManifest.xml:27:5-82
17-->[com.google.android.gms:play-services-ads-lite:23.6.0] AndroidManifest.xml:27:22-79
18    <uses-permission android:name="android.permission.ACCESS_ADSERVICES_ATTRIBUTION" />
18-->[com.google.android.gms:play-services-ads-lite:23.6.0] AndroidManifest.xml:28:5-88
18-->[com.google.android.gms:play-services-ads-lite:23.6.0] AndroidManifest.xml:28:22-85
19    <uses-permission android:name="android.permission.ACCESS_ADSERVICES_TOPICS" /> <!-- Android package visibility setting -->
19-->[com.google.android.gms:play-services-ads-lite:23.6.0] AndroidManifest.xml:29:5-83
19-->[com.google.android.gms:play-services-ads-lite:23.6.0] AndroidManifest.xml:29:22-80
20    <queries>
20-->[com.google.android.gms:play-services-ads-lite:23.6.0] AndroidManifest.xml:35:5-68:15
21
22        <!-- For browser content -->
23        <intent>
23-->[com.google.android.gms:play-services-ads-lite:23.6.0] AndroidManifest.xml:38:9-44:18
24            <action android:name="android.intent.action.VIEW" />
24-->[com.google.android.gms:play-services-ads-lite:23.6.0] AndroidManifest.xml:39:13-65
24-->[com.google.android.gms:play-services-ads-lite:23.6.0] AndroidManifest.xml:39:21-62
25
26            <category android:name="android.intent.category.BROWSABLE" />
26-->[com.google.android.gms:play-services-ads-lite:23.6.0] AndroidManifest.xml:41:13-74
26-->[com.google.android.gms:play-services-ads-lite:23.6.0] AndroidManifest.xml:41:23-71
27
28            <data android:scheme="https" />
28-->[com.google.android.gms:play-services-ads-lite:23.6.0] AndroidManifest.xml:43:13-44
28-->[com.google.android.gms:play-services-ads-lite:23.6.0] AndroidManifest.xml:43:19-41
29        </intent>
30        <!-- End of browser content -->
31        <!-- For CustomTabsService -->
32        <intent>
32-->[com.google.android.gms:play-services-ads-lite:23.6.0] AndroidManifest.xml:47:9-49:18
33            <action android:name="android.support.customtabs.action.CustomTabsService" />
33-->[com.google.android.gms:play-services-ads-lite:23.6.0] AndroidManifest.xml:48:13-90
33-->[com.google.android.gms:play-services-ads-lite:23.6.0] AndroidManifest.xml:48:21-87
34        </intent>
35        <!-- End of CustomTabsService -->
36        <!-- For MRAID capabilities -->
37        <intent>
37-->[com.google.android.gms:play-services-ads-lite:23.6.0] AndroidManifest.xml:52:9-56:18
38            <action android:name="android.intent.action.INSERT" />
38-->[com.google.android.gms:play-services-ads-lite:23.6.0] AndroidManifest.xml:53:13-67
38-->[com.google.android.gms:play-services-ads-lite:23.6.0] AndroidManifest.xml:53:21-64
39
40            <data android:mimeType="vnd.android.cursor.dir/event" />
40-->[com.google.android.gms:play-services-ads-lite:23.6.0] AndroidManifest.xml:43:13-44
41        </intent>
42        <intent>
42-->[com.google.android.gms:play-services-ads-lite:23.6.0] AndroidManifest.xml:57:9-61:18
43            <action android:name="android.intent.action.VIEW" />
43-->[com.google.android.gms:play-services-ads-lite:23.6.0] AndroidManifest.xml:39:13-65
43-->[com.google.android.gms:play-services-ads-lite:23.6.0] AndroidManifest.xml:39:21-62
44
45            <data android:scheme="sms" />
45-->[com.google.android.gms:play-services-ads-lite:23.6.0] AndroidManifest.xml:43:13-44
45-->[com.google.android.gms:play-services-ads-lite:23.6.0] AndroidManifest.xml:43:19-41
46        </intent>
47        <intent>
47-->[com.google.android.gms:play-services-ads-lite:23.6.0] AndroidManifest.xml:62:9-66:18
48            <action android:name="android.intent.action.DIAL" />
48-->[com.google.android.gms:play-services-ads-lite:23.6.0] AndroidManifest.xml:63:13-65
48-->[com.google.android.gms:play-services-ads-lite:23.6.0] AndroidManifest.xml:63:21-62
49
50            <data android:path="tel:" />
50-->[com.google.android.gms:play-services-ads-lite:23.6.0] AndroidManifest.xml:43:13-44
51        </intent>
52        <!-- End of MRAID capabilities -->
53    </queries>
54
55    <uses-permission android:name="android.permission.WAKE_LOCK" />
55-->[androidx.work:work-runtime:2.7.0] AndroidManifest.xml:25:5-68
55-->[androidx.work:work-runtime:2.7.0] AndroidManifest.xml:25:22-65
56    <uses-permission android:name="android.permission.FOREGROUND_SERVICE" />
56-->[androidx.work:work-runtime:2.7.0] AndroidManifest.xml:28:5-77
56-->[androidx.work:work-runtime:2.7.0] AndroidManifest.xml:28:22-74
57
58    <permission
58-->[androidx.core:core:1.10.1] AndroidManifest.xml:22:5-24:47
59        android:name="com.example.reelscounter.DYNAMIC_RECEIVER_NOT_EXPORTED_PERMISSION"
59-->[androidx.core:core:1.10.1] AndroidManifest.xml:23:9-81
60        android:protectionLevel="signature" />
60-->[androidx.core:core:1.10.1] AndroidManifest.xml:24:9-44
61
62    <uses-permission android:name="com.example.reelscounter.DYNAMIC_RECEIVER_NOT_EXPORTED_PERMISSION" />
62-->[androidx.core:core:1.10.1] AndroidManifest.xml:26:5-97
62-->[androidx.core:core:1.10.1] AndroidManifest.xml:26:22-94
63
64    <application
64-->src\main\AndroidManifest.xml:7:5-68:19
65        android:name="com.example.reelscounter.ReelsCounterApplication"
65-->src\main\AndroidManifest.xml:8:9-48
66        android:allowBackup="true"
66-->src\main\AndroidManifest.xml:9:9-35
67        android:appComponentFactory="androidx.core.app.CoreComponentFactory"
67-->[androidx.core:core:1.10.1] AndroidManifest.xml:28:18-86
68        android:dataExtractionRules="@xml/data_extraction_rules"
68-->src\main\AndroidManifest.xml:10:9-65
69        android:debuggable="true"
70        android:extractNativeLibs="false"
71        android:fullBackupContent="@xml/backup_rules"
71-->src\main\AndroidManifest.xml:11:9-54
72        android:icon="@drawable/app_logo"
72-->src\main\AndroidManifest.xml:12:9-42
73        android:label="Reels &amp; Shorts Counter"
73-->src\main\AndroidManifest.xml:13:9-51
74        android:roundIcon="@drawable/app_logo"
74-->src\main\AndroidManifest.xml:14:9-47
75        android:supportsRtl="true"
75-->src\main\AndroidManifest.xml:15:9-35
76        android:testOnly="true"
77        android:theme="@android:style/Theme.Material.Light.NoActionBar" >
77-->src\main\AndroidManifest.xml:16:9-72
78        <provider
79            android:name="androidx.core.content.FileProvider"
79-->src\main\AndroidManifest.xml:20:13-62
80            android:authorities="com.example.reelscounter.provider"
80-->src\main\AndroidManifest.xml:21:13-60
81            android:exported="false"
81-->src\main\AndroidManifest.xml:22:13-37
82            android:grantUriPermissions="true" >
82-->src\main\AndroidManifest.xml:23:13-47
83            <meta-data
83-->src\main\AndroidManifest.xml:24:13-26:58
84                android:name="android.support.FILE_PROVIDER_PATHS"
84-->src\main\AndroidManifest.xml:25:17-67
85                android:resource="@xml/provider_paths" />
85-->src\main\AndroidManifest.xml:26:17-55
86        </provider>
87
88        <meta-data
88-->src\main\AndroidManifest.xml:29:9-31:69
89            android:name="com.google.android.gms.ads.APPLICATION_ID"
89-->src\main\AndroidManifest.xml:30:13-69
90            android:value="ca-app-pub-5492909060411264~5371868217" />
90-->src\main\AndroidManifest.xml:31:13-67
91
92        <activity
92-->src\main\AndroidManifest.xml:33:9-42:20
93            android:name="com.example.reelscounter.MainActivity"
93-->src\main\AndroidManifest.xml:34:13-41
94            android:exported="true"
94-->src\main\AndroidManifest.xml:35:13-36
95            android:label="Reels Counter"
95-->src\main\AndroidManifest.xml:36:13-42
96            android:theme="@android:style/Theme.Material.Light.NoActionBar" >
96-->src\main\AndroidManifest.xml:37:13-76
97            <intent-filter>
97-->src\main\AndroidManifest.xml:38:13-41:29
98                <action android:name="android.intent.action.MAIN" />
98-->src\main\AndroidManifest.xml:39:17-69
98-->src\main\AndroidManifest.xml:39:25-66
99
100                <category android:name="android.intent.category.LAUNCHER" />
100-->src\main\AndroidManifest.xml:40:17-77
100-->src\main\AndroidManifest.xml:40:27-74
101            </intent-filter>
102        </activity>
103
104        <service
104-->src\main\AndroidManifest.xml:44:9-54:19
105            android:name="com.example.reelscounter.service.ScrollTrackingService"
105-->src\main\AndroidManifest.xml:45:13-58
106            android:exported="true"
106-->src\main\AndroidManifest.xml:47:13-36
107            android:permission="android.permission.BIND_ACCESSIBILITY_SERVICE" >
107-->src\main\AndroidManifest.xml:46:13-79
108            <intent-filter>
108-->src\main\AndroidManifest.xml:48:13-50:29
109                <action android:name="android.accessibilityservice.AccessibilityService" />
109-->src\main\AndroidManifest.xml:49:17-92
109-->src\main\AndroidManifest.xml:49:25-89
110            </intent-filter>
111
112            <meta-data
112-->src\main\AndroidManifest.xml:51:13-53:72
113                android:name="android.accessibilityservice"
113-->src\main\AndroidManifest.xml:52:17-60
114                android:resource="@xml/accessibility_service_config" />
114-->src\main\AndroidManifest.xml:53:17-69
115        </service>
116
117        <receiver
117-->src\main\AndroidManifest.xml:56:9-65:20
118            android:name="com.example.reelscounter.widget.ReelsCounterWidget"
118-->src\main\AndroidManifest.xml:57:13-54
119            android:exported="true" >
119-->src\main\AndroidManifest.xml:58:13-36
120            <intent-filter>
120-->src\main\AndroidManifest.xml:59:13-61:29
121                <action android:name="android.appwidget.action.APPWIDGET_UPDATE" />
121-->src\main\AndroidManifest.xml:60:17-84
121-->src\main\AndroidManifest.xml:60:25-81
122            </intent-filter>
123
124            <meta-data
124-->src\main\AndroidManifest.xml:62:13-64:69
125                android:name="android.appwidget.provider"
125-->src\main\AndroidManifest.xml:63:17-58
126                android:resource="@xml/reels_counter_widget_info" />
126-->src\main\AndroidManifest.xml:64:17-66
127        </receiver>
128
129        <!-- Include the AdActivity and InAppPurchaseActivity configChanges and themes. -->
130        <activity
130-->[com.google.android.gms:play-services-ads-lite:23.6.0] AndroidManifest.xml:73:9-78:43
131            android:name="com.google.android.gms.ads.AdActivity"
131-->[com.google.android.gms:play-services-ads-lite:23.6.0] AndroidManifest.xml:74:13-65
132            android:configChanges="keyboard|keyboardHidden|orientation|screenLayout|uiMode|screenSize|smallestScreenSize"
132-->[com.google.android.gms:play-services-ads-lite:23.6.0] AndroidManifest.xml:75:13-122
133            android:exported="false"
133-->[com.google.android.gms:play-services-ads-lite:23.6.0] AndroidManifest.xml:76:13-37
134            android:theme="@android:style/Theme.Translucent" />
134-->[com.google.android.gms:play-services-ads-lite:23.6.0] AndroidManifest.xml:77:13-61
135
136        <provider
136-->[com.google.android.gms:play-services-ads-lite:23.6.0] AndroidManifest.xml:80:9-85:43
137            android:name="com.google.android.gms.ads.MobileAdsInitProvider"
137-->[com.google.android.gms:play-services-ads-lite:23.6.0] AndroidManifest.xml:81:13-76
138            android:authorities="com.example.reelscounter.mobileadsinitprovider"
138-->[com.google.android.gms:play-services-ads-lite:23.6.0] AndroidManifest.xml:82:13-73
139            android:exported="false"
139-->[com.google.android.gms:play-services-ads-lite:23.6.0] AndroidManifest.xml:83:13-37
140            android:initOrder="100" />
140-->[com.google.android.gms:play-services-ads-lite:23.6.0] AndroidManifest.xml:84:13-36
141
142        <service
142-->[com.google.android.gms:play-services-ads-lite:23.6.0] AndroidManifest.xml:87:9-91:43
143            android:name="com.google.android.gms.ads.AdService"
143-->[com.google.android.gms:play-services-ads-lite:23.6.0] AndroidManifest.xml:88:13-64
144            android:enabled="true"
144-->[com.google.android.gms:play-services-ads-lite:23.6.0] AndroidManifest.xml:89:13-35
145            android:exported="false" />
145-->[com.google.android.gms:play-services-ads-lite:23.6.0] AndroidManifest.xml:90:13-37
146
147        <activity
147-->[com.google.android.gms:play-services-ads-lite:23.6.0] AndroidManifest.xml:93:9-97:43
148            android:name="com.google.android.gms.ads.OutOfContextTestingActivity"
148-->[com.google.android.gms:play-services-ads-lite:23.6.0] AndroidManifest.xml:94:13-82
149            android:configChanges="keyboard|keyboardHidden|orientation|screenLayout|uiMode|screenSize|smallestScreenSize"
149-->[com.google.android.gms:play-services-ads-lite:23.6.0] AndroidManifest.xml:95:13-122
150            android:exported="false" />
150-->[com.google.android.gms:play-services-ads-lite:23.6.0] AndroidManifest.xml:96:13-37
151        <activity
151-->[com.google.android.gms:play-services-ads-lite:23.6.0] AndroidManifest.xml:98:9-105:43
152            android:name="com.google.android.gms.ads.NotificationHandlerActivity"
152-->[com.google.android.gms:play-services-ads-lite:23.6.0] AndroidManifest.xml:99:13-82
153            android:excludeFromRecents="true"
153-->[com.google.android.gms:play-services-ads-lite:23.6.0] AndroidManifest.xml:100:13-46
154            android:exported="false"
154-->[com.google.android.gms:play-services-ads-lite:23.6.0] AndroidManifest.xml:101:13-37
155            android:launchMode="singleTask"
155-->[com.google.android.gms:play-services-ads-lite:23.6.0] AndroidManifest.xml:102:13-44
156            android:taskAffinity=""
156-->[com.google.android.gms:play-services-ads-lite:23.6.0] AndroidManifest.xml:103:13-36
157            android:theme="@android:style/Theme.Translucent.NoTitleBar" />
157-->[com.google.android.gms:play-services-ads-lite:23.6.0] AndroidManifest.xml:104:13-72
158
159        <property
159-->[com.google.android.gms:play-services-ads-lite:23.6.0] AndroidManifest.xml:107:9-109:62
160            android:name="android.adservices.AD_SERVICES_CONFIG"
160-->[com.google.android.gms:play-services-ads-lite:23.6.0] AndroidManifest.xml:108:13-65
161            android:resource="@xml/gma_ad_services_config" />
161-->[com.google.android.gms:play-services-ads-lite:23.6.0] AndroidManifest.xml:109:13-59
162
163        <provider
163-->[androidx.work:work-runtime:2.7.0] AndroidManifest.xml:31:9-39:20
164            android:name="androidx.startup.InitializationProvider"
164-->[androidx.work:work-runtime:2.7.0] AndroidManifest.xml:32:13-67
165            android:authorities="com.example.reelscounter.androidx-startup"
165-->[androidx.work:work-runtime:2.7.0] AndroidManifest.xml:33:13-68
166            android:exported="false" >
166-->[androidx.work:work-runtime:2.7.0] AndroidManifest.xml:34:13-37
167            <meta-data
167-->[androidx.work:work-runtime:2.7.0] AndroidManifest.xml:36:13-38:52
168                android:name="androidx.work.WorkManagerInitializer"
168-->[androidx.work:work-runtime:2.7.0] AndroidManifest.xml:37:17-68
169                android:value="androidx.startup" />
169-->[androidx.work:work-runtime:2.7.0] AndroidManifest.xml:38:17-49
170            <meta-data
170-->[androidx.emoji2:emoji2:1.4.0] AndroidManifest.xml:29:13-31:52
171                android:name="androidx.emoji2.text.EmojiCompatInitializer"
171-->[androidx.emoji2:emoji2:1.4.0] AndroidManifest.xml:30:17-75
172                android:value="androidx.startup" />
172-->[androidx.emoji2:emoji2:1.4.0] AndroidManifest.xml:31:17-49
173            <meta-data
173-->[androidx.lifecycle:lifecycle-process:2.6.1] AndroidManifest.xml:29:13-31:52
174                android:name="androidx.lifecycle.ProcessLifecycleInitializer"
174-->[androidx.lifecycle:lifecycle-process:2.6.1] AndroidManifest.xml:30:17-78
175                android:value="androidx.startup" />
175-->[androidx.lifecycle:lifecycle-process:2.6.1] AndroidManifest.xml:31:17-49
176            <meta-data
176-->[androidx.profileinstaller:profileinstaller:1.3.0] AndroidManifest.xml:29:13-31:52
177                android:name="androidx.profileinstaller.ProfileInstallerInitializer"
177-->[androidx.profileinstaller:profileinstaller:1.3.0] AndroidManifest.xml:30:17-85
178                android:value="androidx.startup" />
178-->[androidx.profileinstaller:profileinstaller:1.3.0] AndroidManifest.xml:31:17-49
179        </provider>
180
181        <service
181-->[androidx.work:work-runtime:2.7.0] AndroidManifest.xml:41:9-46:35
182            android:name="androidx.work.impl.background.systemalarm.SystemAlarmService"
182-->[androidx.work:work-runtime:2.7.0] AndroidManifest.xml:42:13-88
183            android:directBootAware="false"
183-->[androidx.work:work-runtime:2.7.0] AndroidManifest.xml:43:13-44
184            android:enabled="@bool/enable_system_alarm_service_default"
184-->[androidx.work:work-runtime:2.7.0] AndroidManifest.xml:44:13-72
185            android:exported="false" />
185-->[androidx.work:work-runtime:2.7.0] AndroidManifest.xml:45:13-37
186        <service
186-->[androidx.work:work-runtime:2.7.0] AndroidManifest.xml:47:9-53:35
187            android:name="androidx.work.impl.background.systemjob.SystemJobService"
187-->[androidx.work:work-runtime:2.7.0] AndroidManifest.xml:48:13-84
188            android:directBootAware="false"
188-->[androidx.work:work-runtime:2.7.0] AndroidManifest.xml:49:13-44
189            android:enabled="@bool/enable_system_job_service_default"
189-->[androidx.work:work-runtime:2.7.0] AndroidManifest.xml:50:13-70
190            android:exported="true"
190-->[androidx.work:work-runtime:2.7.0] AndroidManifest.xml:51:13-36
191            android:permission="android.permission.BIND_JOB_SERVICE" />
191-->[androidx.work:work-runtime:2.7.0] AndroidManifest.xml:52:13-69
192        <service
192-->[androidx.work:work-runtime:2.7.0] AndroidManifest.xml:54:9-59:35
193            android:name="androidx.work.impl.foreground.SystemForegroundService"
193-->[androidx.work:work-runtime:2.7.0] AndroidManifest.xml:55:13-81
194            android:directBootAware="false"
194-->[androidx.work:work-runtime:2.7.0] AndroidManifest.xml:56:13-44
195            android:enabled="@bool/enable_system_foreground_service_default"
195-->[androidx.work:work-runtime:2.7.0] AndroidManifest.xml:57:13-77
196            android:exported="false" />
196-->[androidx.work:work-runtime:2.7.0] AndroidManifest.xml:58:13-37
197
198        <receiver
198-->[androidx.work:work-runtime:2.7.0] AndroidManifest.xml:61:9-66:35
199            android:name="androidx.work.impl.utils.ForceStopRunnable$BroadcastReceiver"
199-->[androidx.work:work-runtime:2.7.0] AndroidManifest.xml:62:13-88
200            android:directBootAware="false"
200-->[androidx.work:work-runtime:2.7.0] AndroidManifest.xml:63:13-44
201            android:enabled="true"
201-->[androidx.work:work-runtime:2.7.0] AndroidManifest.xml:64:13-35
202            android:exported="false" />
202-->[androidx.work:work-runtime:2.7.0] AndroidManifest.xml:65:13-37
203        <receiver
203-->[androidx.work:work-runtime:2.7.0] AndroidManifest.xml:67:9-77:20
204            android:name="androidx.work.impl.background.systemalarm.ConstraintProxy$BatteryChargingProxy"
204-->[androidx.work:work-runtime:2.7.0] AndroidManifest.xml:68:13-106
205            android:directBootAware="false"
205-->[androidx.work:work-runtime:2.7.0] AndroidManifest.xml:69:13-44
206            android:enabled="false"
206-->[androidx.work:work-runtime:2.7.0] AndroidManifest.xml:70:13-36
207            android:exported="false" >
207-->[androidx.work:work-runtime:2.7.0] AndroidManifest.xml:71:13-37
208            <intent-filter>
208-->[androidx.work:work-runtime:2.7.0] AndroidManifest.xml:73:13-76:29
209                <action android:name="android.intent.action.ACTION_POWER_CONNECTED" />
209-->[androidx.work:work-runtime:2.7.0] AndroidManifest.xml:74:17-87
209-->[androidx.work:work-runtime:2.7.0] AndroidManifest.xml:74:25-84
210                <action android:name="android.intent.action.ACTION_POWER_DISCONNECTED" />
210-->[androidx.work:work-runtime:2.7.0] AndroidManifest.xml:75:17-90
210-->[androidx.work:work-runtime:2.7.0] AndroidManifest.xml:75:25-87
211            </intent-filter>
212        </receiver>
213        <receiver
213-->[androidx.work:work-runtime:2.7.0] AndroidManifest.xml:78:9-88:20
214            android:name="androidx.work.impl.background.systemalarm.ConstraintProxy$BatteryNotLowProxy"
214-->[androidx.work:work-runtime:2.7.0] AndroidManifest.xml:79:13-104
215            android:directBootAware="false"
215-->[androidx.work:work-runtime:2.7.0] AndroidManifest.xml:80:13-44
216            android:enabled="false"
216-->[androidx.work:work-runtime:2.7.0] AndroidManifest.xml:81:13-36
217            android:exported="false" >
217-->[androidx.work:work-runtime:2.7.0] AndroidManifest.xml:82:13-37
218            <intent-filter>
218-->[androidx.work:work-runtime:2.7.0] AndroidManifest.xml:84:13-87:29
219                <action android:name="android.intent.action.BATTERY_OKAY" />
219-->[androidx.work:work-runtime:2.7.0] AndroidManifest.xml:85:17-77
219-->[androidx.work:work-runtime:2.7.0] AndroidManifest.xml:85:25-74
220                <action android:name="android.intent.action.BATTERY_LOW" />
220-->[androidx.work:work-runtime:2.7.0] AndroidManifest.xml:86:17-76
220-->[androidx.work:work-runtime:2.7.0] AndroidManifest.xml:86:25-73
221            </intent-filter>
222        </receiver>
223        <receiver
223-->[androidx.work:work-runtime:2.7.0] AndroidManifest.xml:89:9-99:20
224            android:name="androidx.work.impl.background.systemalarm.ConstraintProxy$StorageNotLowProxy"
224-->[androidx.work:work-runtime:2.7.0] AndroidManifest.xml:90:13-104
225            android:directBootAware="false"
225-->[androidx.work:work-runtime:2.7.0] AndroidManifest.xml:91:13-44
226            android:enabled="false"
226-->[androidx.work:work-runtime:2.7.0] AndroidManifest.xml:92:13-36
227            android:exported="false" >
227-->[androidx.work:work-runtime:2.7.0] AndroidManifest.xml:93:13-37
228            <intent-filter>
228-->[androidx.work:work-runtime:2.7.0] AndroidManifest.xml:95:13-98:29
229                <action android:name="android.intent.action.DEVICE_STORAGE_LOW" />
229-->[androidx.work:work-runtime:2.7.0] AndroidManifest.xml:96:17-83
229-->[androidx.work:work-runtime:2.7.0] AndroidManifest.xml:96:25-80
230                <action android:name="android.intent.action.DEVICE_STORAGE_OK" />
230-->[androidx.work:work-runtime:2.7.0] AndroidManifest.xml:97:17-82
230-->[androidx.work:work-runtime:2.7.0] AndroidManifest.xml:97:25-79
231            </intent-filter>
232        </receiver>
233        <receiver
233-->[androidx.work:work-runtime:2.7.0] AndroidManifest.xml:100:9-109:20
234            android:name="androidx.work.impl.background.systemalarm.ConstraintProxy$NetworkStateProxy"
234-->[androidx.work:work-runtime:2.7.0] AndroidManifest.xml:101:13-103
235            android:directBootAware="false"
235-->[androidx.work:work-runtime:2.7.0] AndroidManifest.xml:102:13-44
236            android:enabled="false"
236-->[androidx.work:work-runtime:2.7.0] AndroidManifest.xml:103:13-36
237            android:exported="false" >
237-->[androidx.work:work-runtime:2.7.0] AndroidManifest.xml:104:13-37
238            <intent-filter>
238-->[androidx.work:work-runtime:2.7.0] AndroidManifest.xml:106:13-108:29
239                <action android:name="android.net.conn.CONNECTIVITY_CHANGE" />
239-->[androidx.work:work-runtime:2.7.0] AndroidManifest.xml:107:17-79
239-->[androidx.work:work-runtime:2.7.0] AndroidManifest.xml:107:25-76
240            </intent-filter>
241        </receiver>
242        <receiver
242-->[androidx.work:work-runtime:2.7.0] AndroidManifest.xml:110:9-121:20
243            android:name="androidx.work.impl.background.systemalarm.RescheduleReceiver"
243-->[androidx.work:work-runtime:2.7.0] AndroidManifest.xml:111:13-88
244            android:directBootAware="false"
244-->[androidx.work:work-runtime:2.7.0] AndroidManifest.xml:112:13-44
245            android:enabled="false"
245-->[androidx.work:work-runtime:2.7.0] AndroidManifest.xml:113:13-36
246            android:exported="false" >
246-->[androidx.work:work-runtime:2.7.0] AndroidManifest.xml:114:13-37
247            <intent-filter>
247-->[androidx.work:work-runtime:2.7.0] AndroidManifest.xml:116:13-120:29
248                <action android:name="android.intent.action.BOOT_COMPLETED" />
248-->[androidx.work:work-runtime:2.7.0] AndroidManifest.xml:117:17-79
248-->[androidx.work:work-runtime:2.7.0] AndroidManifest.xml:117:25-76
249                <action android:name="android.intent.action.TIME_SET" />
249-->[androidx.work:work-runtime:2.7.0] AndroidManifest.xml:118:17-73
249-->[androidx.work:work-runtime:2.7.0] AndroidManifest.xml:118:25-70
250                <action android:name="android.intent.action.TIMEZONE_CHANGED" />
250-->[androidx.work:work-runtime:2.7.0] AndroidManifest.xml:119:17-81
250-->[androidx.work:work-runtime:2.7.0] AndroidManifest.xml:119:25-78
251            </intent-filter>
252        </receiver>
253        <receiver
253-->[androidx.work:work-runtime:2.7.0] AndroidManifest.xml:122:9-131:20
254            android:name="androidx.work.impl.background.systemalarm.ConstraintProxyUpdateReceiver"
254-->[androidx.work:work-runtime:2.7.0] AndroidManifest.xml:123:13-99
255            android:directBootAware="false"
255-->[androidx.work:work-runtime:2.7.0] AndroidManifest.xml:124:13-44
256            android:enabled="@bool/enable_system_alarm_service_default"
256-->[androidx.work:work-runtime:2.7.0] AndroidManifest.xml:125:13-72
257            android:exported="false" >
257-->[androidx.work:work-runtime:2.7.0] AndroidManifest.xml:126:13-37
258            <intent-filter>
258-->[androidx.work:work-runtime:2.7.0] AndroidManifest.xml:128:13-130:29
259                <action android:name="androidx.work.impl.background.systemalarm.UpdateProxies" />
259-->[androidx.work:work-runtime:2.7.0] AndroidManifest.xml:129:17-98
259-->[androidx.work:work-runtime:2.7.0] AndroidManifest.xml:129:25-95
260            </intent-filter>
261        </receiver>
262        <receiver
262-->[androidx.work:work-runtime:2.7.0] AndroidManifest.xml:132:9-142:20
263            android:name="androidx.work.impl.diagnostics.DiagnosticsReceiver"
263-->[androidx.work:work-runtime:2.7.0] AndroidManifest.xml:133:13-78
264            android:directBootAware="false"
264-->[androidx.work:work-runtime:2.7.0] AndroidManifest.xml:134:13-44
265            android:enabled="true"
265-->[androidx.work:work-runtime:2.7.0] AndroidManifest.xml:135:13-35
266            android:exported="true"
266-->[androidx.work:work-runtime:2.7.0] AndroidManifest.xml:136:13-36
267            android:permission="android.permission.DUMP" >
267-->[androidx.work:work-runtime:2.7.0] AndroidManifest.xml:137:13-57
268            <intent-filter>
268-->[androidx.work:work-runtime:2.7.0] AndroidManifest.xml:139:13-141:29
269                <action android:name="androidx.work.diagnostics.REQUEST_DIAGNOSTICS" />
269-->[androidx.work:work-runtime:2.7.0] AndroidManifest.xml:140:17-88
269-->[androidx.work:work-runtime:2.7.0] AndroidManifest.xml:140:25-85
270            </intent-filter>
271        </receiver>
272
273        <service
273-->[androidx.room:room-runtime:2.6.1] AndroidManifest.xml:24:9-28:63
274            android:name="androidx.room.MultiInstanceInvalidationService"
274-->[androidx.room:room-runtime:2.6.1] AndroidManifest.xml:25:13-74
275            android:directBootAware="true"
275-->[androidx.room:room-runtime:2.6.1] AndroidManifest.xml:26:13-43
276            android:exported="false" />
276-->[androidx.room:room-runtime:2.6.1] AndroidManifest.xml:27:13-37
277
278        <activity
278-->[androidx.compose.ui:ui-tooling-android:1.5.0] AndroidManifest.xml:23:9-25:39
279            android:name="androidx.compose.ui.tooling.PreviewActivity"
279-->[androidx.compose.ui:ui-tooling-android:1.5.0] AndroidManifest.xml:24:13-71
280            android:exported="true" />
280-->[androidx.compose.ui:ui-tooling-android:1.5.0] AndroidManifest.xml:25:13-36
281        <activity
281-->[androidx.compose.ui:ui-test-manifest:1.5.0] AndroidManifest.xml:23:9-25:39
282            android:name="androidx.activity.ComponentActivity"
282-->[androidx.compose.ui:ui-test-manifest:1.5.0] AndroidManifest.xml:24:13-63
283            android:exported="true" />
283-->[androidx.compose.ui:ui-test-manifest:1.5.0] AndroidManifest.xml:25:13-36
284        <activity
284-->[com.google.android.gms:play-services-base:18.0.0] AndroidManifest.xml:20:9-22:45